<?xml version="1.0" encoding="UTF-8"?>
<!-- Generated by org.testng.reporters.JUnitXMLReporter -->
<testsuite ignored="0" hostname="LAPTOP-3IV83C9A" failures="1" tests="6" name="amazon app test" time="37.506" errors="0" timestamp="2024-11-13T09:19:32 EST">
  <testcase classname="com.crm.qa.testcases.ContactsPageTest" name="validatenewcontact" time="0.79"/>
  <testcase classname="com.crm.qa.testcases.ContactsPageTest" name="validatenewcontact" time="0.906"/>
  <testcase classname="com.crm.qa.testcases.ContactsPageTest" name="validatenewcontact" time="0.999"/>
  <testcase classname="com.crm.qa.testcases.HomePageTest" name="homepageTitleTest" time="0.932">
    <failure type="java.lang.AssertionError" message="expected [Welcome - Himal Patel Dominion Lending Centres1] but found [Welcome - Himal Patel Dominion Lending Centres]">
      <![CDATA[java.lang.AssertionError: expected [Welcome - Himal Patel Dominion Lending Centres1] but found [Welcome - Himal Patel Dominion Lending Centres]
at com.crm.qa.testcases.HomePageTest.homepageTitleTest(HomePageTest.java:39)
at java.base/java.util.ArrayList.forEach(ArrayList.java:1511)
... Removed 33 stack frames]]>
    </failure>
  </testcase> <!-- homepageTitleTest -->
  <testcase classname="com.crm.qa.testcases.HomePageTest" name="logotest" time="0.256"/>
  <testcase classname="com.crm.qa.testcases.HomePageTest" name="verifyblogLinkTest" time="1.417"/>
</testsuite> <!-- amazon app test -->
